This is TeX, C Version 3.14t3 (format=lplain 91.6.26)  21 APR 1992 12:05
**manual.tex
(manual.tex
LaTeX Version 2.09 <7 Dec 1989>
(/usr/local/lib/tex/inputs/article.sty
Document Style `article' <16 Mar 88>.
(/usr/local/lib/tex/inputs/art11.sty)
\c@part=\count79
\c@section=\count80
\c@subsection=\count81
\c@subsubsection=\count82
\c@paragraph=\count83
\c@subparagraph=\count84
\c@figure=\count85
\c@table=\count86
) (manual.aux) [0

] (manual.toc [1])
\tf@toc=\write3

[2] [1

] [2] [3] [4] [5] [6] [7] [8] [9] [10] [11]
Underfull \vbox (badness 4108) has occurred while \output is active
\vbox(614.295+0.0)x469.75499, glue set 3.4533
.\glue(\topskip) 2.39584
.\hbox(7.60416+2.12917)x469.75499, glue set 0.06447
..\elvrm p
..\elvrm r
..\elvrm o
..\kern0.30417
..\elvrm d
..etc.
.\penalty 150
.\glue(\baselineskip) 3.86668
.\hbox(7.60416+2.12917)x469.75499, glue set 176.32515fil
..\elvrm a
..\elvrm n
..\elvrm d
..\glue 3.65 plus 1.825 minus 1.21666
..\elvrm z
..etc.
.etc.

 [12]
[13] [14] [15] [16] [17] [18] [19] [20] [21] [22] [23] [24] [25] [26] [27]
[28] [29] (manual.aux) ) 
Here is how much of TeX's memory you used:
 183 strings out of 4463
 1716 string characters out of 63241
 34237 words of memory out of 262141
 2127 multiletter control sequences out of 9500
 18996 words of font info for 72 fonts, out of 72000 for 255
 14 hyphenation exceptions out of 607
 14i,9n,15p,187b,266s stack positions out of 300i,40n,60p,3000b,4000s

Output written on manual.dvi (32 pages, 123064 bytes).
