ACS (Al's Circuit Simulator) 0.21
Never trust any version less than 1.0
Copyright 1994, Albert Davis
ACS comes with ABSOLUTELY NO WARRANTY
This is free software, and you are welcome
to redistribute it under certain conditions.
See the file "COPYING" for details
Graphic equalizer -- boost 1k
#Freq       vdb(37)    vdb(31)    vdb(34)   
 31.25      0.095167  -2.0118n    0.096826  
 37.163     0.11409   -2.1032n    0.11575   
 44.194     0.13781   -2.1809n    0.13947   
 52.556     0.16848   -2.2446n    0.17014   
 62.5       0.20922   -2.2952n    0.21088   
 74.325     0.26444   -2.3344n    0.2661    
 88.388     0.34021   -2.3642n    0.34187   
 105.11     0.44477   -2.3866n    0.44643   
 125.       0.58911   -2.4035n    0.59077   
 148.65     0.78769   -2.4165n    0.78934   
 176.78     1.059     -2.4266n    1.0607    
 210.22     1.4262    -2.4349n    1.4279    
 250.       1.9169    -2.4421n    1.9186    
 297.3      2.5634    -2.4488n    2.565     
 353.55     3.4014    -2.4552n    3.403     
 420.45     4.4697    -2.4615n    4.4714    
 500.       5.8076    -2.4678n    5.8093    
 594.6      7.4426    -2.4741n    7.4443    
 707.11     9.3356    -2.4804n    9.3373    
 840.9      11.183    -2.4867n    11.184    
 1.K        12.091    -2.4928n    12.092    
 1.1892K    11.281    -2.4985n    11.283    
 1.4142K    9.4491    -2.5039n    9.4508    
 1.6818K    7.5303    -2.5088n    7.532     
 2.K        5.8651    -2.5129n    5.8667    
 2.3784K    4.5032    -2.5158n    4.5049    
 2.8284K    3.4187    -2.5174n    3.4204    
 3.3636K    2.5711    -2.5176n    2.5728    
 4.K        1.9198    -2.5164n    1.9214    
 4.7568K    1.427     -2.5136n    1.4286    
 5.6569K    1.0593    -2.5093n    1.061     
 6.7272K    0.78815   -2.5028n    0.78981   
 8.K        0.58993   -2.4938n    0.59159   
 9.5137K    0.44583   -2.4813n    0.44748   
 11.314K    0.34124   -2.4642n    0.34289   
 13.454K    0.26508   -2.4413n    0.26673   
 16.K       0.20907   -2.4112n    0.21072   
 19.027K    0.16712   -2.3724n    0.16876   
 22.627K    0.13481   -2.3241n    0.13644   
 26.909K    0.10904   -2.2657n    0.11066   
 32.K       0.087701  -2.1976n    0.089304  
ACS (Al's Circuit Simulator) 0.21
Never trust any version less than 1.0
Copyright 1994, Albert Davis
ACS comes with ABSOLUTELY NO WARRANTY
This is free software, and you are welcome
to redistribute it under certain conditions.
See the file "COPYING" for details
Graphic equalizer -- all bands flat, modify test
#Freq       vdb(37)    vdb(31)    vdb(34)   
 31.25     -0.0033177 -2.1364n   -0.0016588 
 37.163    -0.0033177 -2.2546n   -0.0016588 
 44.194    -0.0033177 -2.3648n   -0.0016588 
 52.556    -0.0033177 -2.4681n   -0.0016588 
 62.5      -0.0033177 -2.5656n   -0.0016588 
 74.325    -0.0033177 -2.6589n   -0.0016588 
 88.388    -0.0033177 -2.7484n   -0.0016588 
 105.11    -0.0033177 -2.8333n   -0.0016588 
 125.      -0.0033177 -2.9121n   -0.0016588 
 148.65    -0.0033177 -2.9828n   -0.0016588 
 176.78    -0.0033177 -3.044n    -0.0016588 
 210.22    -0.0033177 -3.0952n   -0.0016588 
 250.      -0.0033177 -3.1368n   -0.0016588 
 297.3     -0.0033177 -3.17n     -0.0016588 
 353.55    -0.0033177 -3.1961n   -0.0016588 
 420.45    -0.0033177 -3.2165n   -0.0016588 
 500.      -0.0033177 -3.2324n   -0.0016588 
 594.6     -0.0033177 -3.2448n   -0.0016588 
 707.11    -0.0033176 -3.2544n   -0.0016588 
 840.9     -0.0033176 -3.2618n   -0.0016588 
 1.K       -0.0033176 -3.2673n   -0.0016588 
 1.1892K   -0.0033175 -3.2709n   -0.0016588 
 1.4142K   -0.0033175 -3.2725n   -0.0016587 
 1.6818K   -0.0033174 -3.2716n   -0.0016587 
 2.K       -0.0033172 -3.2674n   -0.0016586 
 2.3784K   -0.003317  -3.2592n   -0.0016585 
 2.8284K   -0.0033168 -3.2458n   -0.0016584 
 3.3636K   -0.0033164 -3.2263n   -0.0016582 
 4.K       -0.0033158 -3.1994n   -0.0016579 
 4.7568K   -0.0033151 -3.1644n   -0.0016575 
 5.6569K   -0.003314  -3.1205n   -0.001657  
 6.7272K   -0.0033125 -3.0678n   -0.0016562 
 8.K       -0.0033103 -3.0072n   -0.0016551 
 9.5137K   -0.0033072 -2.9404n   -0.0016536 
 11.314K   -0.003303  -2.8693n   -0.0016515 
 13.454K   -0.0032969 -2.7957n   -0.0016485 
 16.K      -0.0032885 -2.7202n   -0.0016442 
 19.027K   -0.0032767 -2.6425n   -0.0016384 
 22.627K   -0.0032603 -2.5619n   -0.0016302 
 26.909K   -0.0032378 -2.4772n   -0.0016189 
 32.K      -0.003207  -2.388n    -0.0016035 
ACS (Al's Circuit Simulator) 0.21
Never trust any version less than 1.0
Copyright 1994, Albert Davis
ACS comes with ABSOLUTELY NO WARRANTY
This is free software, and you are welcome
to redistribute it under certain conditions.
See the file "COPYING" for details
Graphic equalizer -- all bands flat, modify test
#Freq       vdb(37)    vdb(31)    vdb(34)   
 31.25     -0.0033177 -2.1364n   -0.0016588 
 37.163    -0.0033177 -2.2546n   -0.0016588 
 44.194    -0.0033177 -2.3648n   -0.0016588 
 52.556    -0.0033177 -2.4681n   -0.0016588 
 62.5      -0.0033177 -2.5656n   -0.0016588 
 74.325    -0.0033177 -2.6589n   -0.0016588 
 88.388    -0.0033177 -2.7484n   -0.0016588 
 105.11    -0.0033177 -2.8333n   -0.0016588 
 125.      -0.0033177 -2.9121n   -0.0016588 
 148.65    -0.0033177 -2.9828n   -0.0016588 
 176.78    -0.0033177 -3.044n    -0.0016588 
 210.22    -0.0033177 -3.0952n   -0.0016588 
 250.      -0.0033177 -3.1368n   -0.0016588 
 297.3     -0.0033177 -3.17n     -0.0016588 
 353.55    -0.0033177 -3.1961n   -0.0016588 
 420.45    -0.0033177 -3.2165n   -0.0016588 
 500.      -0.0033177 -3.2324n   -0.0016588 
 594.6     -0.0033177 -3.2448n   -0.0016588 
 707.11    -0.0033176 -3.2544n   -0.0016588 
 840.9     -0.0033176 -3.2618n   -0.0016588 
 1.K       -0.0033176 -3.2673n   -0.0016588 
 1.1892K   -0.0033175 -3.2709n   -0.0016588 
 1.4142K   -0.0033175 -3.2725n   -0.0016587 
 1.6818K   -0.0033174 -3.2716n   -0.0016587 
 2.K       -0.0033172 -3.2674n   -0.0016586 
 2.3784K   -0.003317  -3.2592n   -0.0016585 
 2.8284K   -0.0033168 -3.2458n   -0.0016584 
 3.3636K   -0.0033164 -3.2263n   -0.0016582 
 4.K       -0.0033158 -3.1994n   -0.0016579 
 4.7568K   -0.0033151 -3.1644n   -0.0016575 
 5.6569K   -0.003314  -3.1205n   -0.001657  
 6.7272K   -0.0033125 -3.0678n   -0.0016562 
 8.K       -0.0033103 -3.0072n   -0.0016551 
 9.5137K   -0.0033072 -2.9404n   -0.0016536 
 11.314K   -0.003303  -2.8693n   -0.0016515 
 13.454K   -0.0032969 -2.7957n   -0.0016485 
 16.K      -0.0032885 -2.7202n   -0.0016442 
 19.027K   -0.0032767 -2.6425n   -0.0016384 
 22.627K   -0.0032603 -2.5619n   -0.0016302 
 26.909K   -0.0032378 -2.4772n   -0.0016189 
 32.K      -0.003207  -2.388n    -0.0016035 
#Freq       vdb(37)    vdb(31)    vdb(34)   
 31.25      0.095167  -2.0118n    0.096826  
 37.163     0.11409   -2.1032n    0.11575   
 44.194     0.13781   -2.1809n    0.13947   
 52.556     0.16848   -2.2446n    0.17014   
 62.5       0.20922   -2.2952n    0.21088   
 74.325     0.26444   -2.3344n    0.2661    
 88.388     0.34021   -2.3642n    0.34187   
 105.11     0.44477   -2.3866n    0.44643   
 125.       0.58911   -2.4035n    0.59077   
 148.65     0.78769   -2.4165n    0.78934   
 176.78     1.059     -2.4266n    1.0607    
 210.22     1.4262    -2.4349n    1.4279    
 250.       1.9169    -2.4421n    1.9186    
 297.3      2.5634    -2.4488n    2.565     
 353.55     3.4014    -2.4552n    3.403     
 420.45     4.4697    -2.4615n    4.4714    
 500.       5.8076    -2.4678n    5.8093    
 594.6      7.4426    -2.4741n    7.4443    
 707.11     9.3356    -2.4804n    9.3373    
 840.9      11.183    -2.4867n    11.184    
 1.K        12.091    -2.4928n    12.092    
 1.1892K    11.281    -2.4985n    11.283    
 1.4142K    9.4491    -2.5039n    9.4508    
 1.6818K    7.5303    -2.5088n    7.532     
 2.K        5.8651    -2.5129n    5.8667    
 2.3784K    4.5032    -2.5158n    4.5049    
 2.8284K    3.4187    -2.5174n    3.4204    
 3.3636K    2.5711    -2.5176n    2.5728    
 4.K        1.9198    -2.5164n    1.9214    
 4.7568K    1.427     -2.5136n    1.4286    
 5.6569K    1.0593    -2.5093n    1.061     
 6.7272K    0.78815   -2.5028n    0.78981   
 8.K        0.58993   -2.4938n    0.59159   
 9.5137K    0.44583   -2.4813n    0.44748   
 11.314K    0.34124   -2.4642n    0.34289   
 13.454K    0.26508   -2.4413n    0.26673   
 16.K       0.20907   -2.4112n    0.21072   
 19.027K    0.16712   -2.3724n    0.16876   
 22.627K    0.13481   -2.3241n    0.13644   
 26.909K    0.10904   -2.2657n    0.11066   
 32.K       0.087701  -2.1976n    0.089304  
ACS (Al's Circuit Simulator) 0.21
Never trust any version less than 1.0
Copyright 1994, Albert Davis
ACS comes with ABSOLUTELY NO WARRANTY
This is free software, and you are welcome
to redistribute it under certain conditions.
See the file "COPYING" for details
'
#Freq       vm(2)      vdb(2)     vp(2)     
 1.p        1.         54.575p    0.        
 10.p       1.         545.76p    0.        
 100.p      1.         5.4576n    0.        
 1.n        1.         54.576n    0.        
 10.n       1.         545.76n    0.        
 100.n      1.         5.4576u    0.        
 1.u        1.         54.576u    0.        
 10.u       1.0001     545.77u    0.        
 100.u      1.0006     0.0054593  0.        
 0.001      1.0063     0.054748   0.        
 0.01       1.067      0.56366    0.        
 0.1        2.6905     8.5967     0.        
 1.         0.18928   -14.458    -180.      
 10.        0.016173  -35.824    -180.      
 100.       0.0015941 -55.95     -180.      
 1.K        159.18u   -75.962    -180.      
 10.K       15.916u   -95.964    -180.      
 100.K      1.5915u   -115.96    -180.      
 1.Meg      159.15n   -135.96    -180.      
 10.Meg     15.915n   -155.96    -180.      
 100.Meg    1.5915n   -175.96    -180.      
 1.G        159.15p   -195.96    -180.      
#Freq       vm(2)      vdb(2)     vp(2)     
 0.1        2.6905     8.5967     0.        
 0.105      2.9389     9.3638     0.        
 0.11       3.2379     10.205     0.        
 0.115      3.6046     11.137     0.        
 0.12       4.0649     12.181     0.        
 0.125      4.66       13.368     0.        
 0.13       5.4592     14.743     0.        
 0.135      6.5893     16.377     0.        
 0.14       8.3094     18.391     0.        
 0.145      11.245     21.019     0.        
 0.15       17.387     24.805     0.        
 0.155      38.319     31.668     0.        
 0.16       187.98     45.482    -180.      
 0.165      27.221     28.698    -180.      
 0.17       14.673     23.33     -180.      
 0.175      10.043     20.038    -180.      
 0.18       7.6345     17.656    -180.      
 0.185      6.1576     15.788    -180.      
 0.19       5.1595     14.252    -180.      
 0.195      4.4398     12.947    -180.      
 0.2        3.8964     11.813    -180.      
ACS (Al's Circuit Simulator) 0.21
Never trust any version less than 1.0
Copyright 1994, Albert Davis
ACS comes with ABSOLUTELY NO WARRANTY
This is free software, and you are welcome
to redistribute it under certain conditions.
See the file "COPYING" for details
15 cascaded NMOS inverters
#           iter(0)    V(1)       V(2)       V(3)       V(4)       V(5)      
+ V(6)       V(7)       V(8)       V(9)       V(10)      V(11)      V(12)     
+ V(13)      V(14)      V(15)      V(16)      V(17)     
 300.       34.        5.         0.8        3.0455     0.49727    3.2038    
+ 0.46614    3.2038     0.46614    3.2038     0.46614    3.2038     0.46614   
+ 3.2038     0.46614    3.2038     0.46614    3.2038    
ACS (Al's Circuit Simulator) 0.21
Never trust any version less than 1.0
Copyright 1994, Albert Davis
ACS comes with ABSOLUTELY NO WARRANTY
This is free software, and you are welcome
to redistribute it under certain conditions.
See the file "COPYING" for details
2 stage op-amp open loop  02/16/88
#           iter(0)    v(1)       v(2)       v(3)       v(4)       v(5)      
+ v(6)       v(7)       v(8)       v(9)      
 300.       17.        0.         0.         1.5709     1.5709    -1.1671    
+ 0.34953   -1.6301    -2.5        2.5       
vdb(6) 0.                20.              40.               60.             80.
vp(6)-180.              -90.              0.                90.            180.
        +-----------------+----------------+-----------------+----------------+
 1.     |                 .               +.                 .        *       |
 1.5849 |                 .              + .                 .        *       |
 2.5119 |                 .            +   .                 .        *       |
 3.9811 |                 .           +    .                 .       *        |
 6.3096 |                 .        +       .                 .      *         |
 10.    |                 .      +         .                 .    *           |
 15.849 |                 .    +           .                 .  *             |
 25.119 |                 .  +             .                 *                |
 39.811 |                 . +              .             *   .                |
 63.096 |                 .+               .          *      .                |
 100.   |                 +                .       *         .                |
 158.49 |                 +                .   *             .                |
 251.19 |                 +                .*                .                |
 398.11 |                 +             *  .                 .                |
 630.96 |                +.          *     .                 .                |
 1.K    |                +.      *         .                 .                |
 1.5849K|                +.   *            .                 .                |
 2.5119K|                +*                .                 .                |
 3.9811K|              *+ .                .                 .                |
 6.3096K|          *   +  .                .                 .                |
 10.K   |      *      +   .                .                 .                |
 15.849K|  *        +     .                .                 .                |
 25.119K*        +        .                .                 .                |
 39.811K*    +            .                .                 .                |
 63.096K*+                .                .                 .                |
 100.K  *                 .                .                 .             +  |
 158.49K*                 .                .                 .         +      |
 251.19K*                 .                .                 .      +         |
 398.11K*                 .                .                 .   +            |
 630.96K*                 .                .                 . +              |
 1.Meg  *                 .                .                 .+               |
 1.5849M*                 .                .                +.                |
 2.5119M*                 .                .               + .                |
 3.9811M*                 .                .              +  .                |
 6.3096M*                 .                .             +   .                |
 10.Meg *                 .                .            +    .                |
        +-----------------+----------------+-----------------+----------------+
v(6)  -4.               -2.               0.                2.               4.
        +-----------------+----------------+-----------------+----------------+
-500.u  |             *   .                .                 .                |
-480.u  |             *   .                .                 .                |
-460.u  |             *   .                .                 .                |
-440.u  |             *   .                .                 .                |
-420.u  |             *   .                .                 .                |
-400.u  |             *   .                .                 .                |
-380.u  |             *   .                .                 .                |
-360.u  |             *   .                .                 .                |
-340.u  |             *   .                .                 .                |
-320.u  |             *   .                .                 .                |
-300.u  |             *   .                .                 .                |
-280.u  |             *   .                .                 .                |
-260.u  |             *   .                .                 .                |
-240.u  |             *   .                .                 .                |
-220.u  |             *   .                .                 .                |
-200.u  |              *  .                .                 .                |
-180.u  |                *.                .                 .                |
-160.u  |                 . *              .                 .                |
-140.u  |                 .   *            .                 .                |
-120.u  |                 .     *          .                 .                |
-100.u  |                 .       *        .                 .                |
-80.u   |                 .          *     .                 .                |
-60.u   |                 .            *   .                 .                |
-40.u   |                 .              * .                 .                |
-20.u   |                 .                .*                .                |
-54.21E-|                 .                .  *              .                |
 20.u   |                 .                .    *            .                |
 40.u   |                 .                .      *          .                |
 60.u   |                 .                .        *        .                |
 80.u   |                 .                .          *      .                |
 100.u  |                 .                .            *    .                |
 120.u  |                 .                .              *  .                |
 140.u  |                 .                .                *.                |
 160.u  |                 .                .                 *                |
 180.u  |                 .                .                 . *              |
 200.u  |                 .                .                 .  *             |
 220.u  |                 .                .                 .  *             |
 240.u  |                 .                .                 .  *             |
 260.u  |                 .                .                 .  *             |
 280.u  |                 .                .                 .  *             |
 300.u  |                 .                .                 .  *             |
 320.u  |                 .                .                 .  *             |
 340.u  |                 .                .                 .  *             |
 360.u  |                 .                .                 .  *             |
 380.u  |                 .                .                 .  *             |
 400.u  |                 .                .                 .  *             |
 420.u  |                 .                .                 .  *             |
 440.u  |                 .                .                 .  *             |
 460.u  |                 .                .                 .  *             |
 480.u  |                 .                .                 .  *             |
 500.u  |                 .                .                 .  *             |
        +-----------------+----------------+-----------------+----------------+
vdb(6) 0.                20.              40.               60.             80.
vp(6)-180.              -90.              0.                90.            180.
        +-----------------+----------------+-----------------+----------------+
 1.     |                 .      *         +                 .                |
 1.5849 |                 .      *         +                 .                |
 2.5119 |                 .      *         +                 .                |
 3.9811 |                 .      *         +                 .                |
 6.3096 |                 .      *         +                 .                |
 10.    |                 .      *         +                 .                |
 15.849 |                 .      *         +                 .                |
 25.119 |                 .      *        +.                 .                |
 39.811 |                 .      *        +.                 .                |
 63.096 |                 .      *        +.                 .                |
 100.   |                 .      *       + .                 .                |
 158.49 |                 .     *      +   .                 .                |
 251.19 |                 .     *    +     .                 .                |
 398.11 |                 .    *   +       .                 .                |
 630.96 |                 .  *  +          .                 .                |
 1.K    |                 *   +            .                 .                |
 1.5849K|              *  . +              .                 .                |
 2.5119K|           *     .+               .                 .                |
 3.9811K|       *        +.                .                 .                |
 6.3096K|    *          + .                .                 .                |
 10.K   |*            +   .                .                 .                |
 15.849K*           +     .                .                 .                |
 25.119K*        +        .                .                 .                |
 39.811K*    +            .                .                 .                |
 63.096K*                 .                .                 .                |
 100.K  *                 .                .                 .           +    |
 158.49K*                 .                .                 .       +        |
 251.19K*                 .                .                 .    +           |
 398.11K*                 .                .                 .  +             |
 630.96K*                 .                .                 .+               |
 1.Meg  *                 .                .                 +                |
 1.5849M*                 .                .                +.                |
 2.5119M*                 .                .               + .                |
 3.9811M*                 .                .              +  .                |
 6.3096M*                 .                .             +   .                |
 10.Meg *                 .                .            +    .                |
        +-----------------+----------------+-----------------+----------------+
cgs(M7)
       5.f              5.5f              6.f              6.5f             7.f
        +-----------------+----------------+-----------------+----------------+
-500.u  |                 *                .                 .                |
-480.u  |                 *                .                 .                |
-460.u  |                 *                .                 .                |
-440.u  |                 *                .                 .                |
-420.u  |                 *                .                 .                |
-400.u  |                 *                .                 .                |
-380.u  |                 *                .                 .                |
-360.u  |                 *                .                 .                |
-340.u  |                 *                .                 .                |
-320.u  |                 *                .                 .                |
-300.u  |                 *                .                 .                |
-280.u  |                 *                .                 .                |
-260.u  |                 *                .                 .                |
-240.u  |                 *                .                 .                |
-220.u  |                 .*               .                 .                |
-200.u  |                 . *              .                 .                |
-180.u  |                 .   *            .                 .                |
-160.u  |                 .      *         .                 .                |
-140.u  |                 .        *       .                 .                |
-120.u  |                 .         *      .                 .                |
-100.u  |                 .           *    .                 .                |
-80.u   |                 .             *  .                 .                |
-60.u   |                 .              * .                 .                |
-40.u   |                 .                *                 .                |
-20.u   |                 .                .*                .                |
-54.21E-|                 .                . *               .                |
 20.u   |                 .                .  *              .                |
 40.u   |                 .                .   *             .                |
 60.u   |                 .                .    *            .                |
 80.u   |                 .                .     *           .                |
 100.u  |                 .                .      *          .                |
 120.u  |                 .                .      *          .                |
 140.u  |                 .                .       *         .                |
 160.u  |                 .                .        *        .                |
 180.u  |                 .                .        *        .                |
 200.u  |                 .                .         *       .                |
 220.u  |                 .                .         *       .                |
 240.u  |                 .                .         *       .                |
 260.u  |                 .                .         *       .                |
 280.u  |                 .                .         *       .                |
 300.u  |                 .                .         *       .                |
 320.u  |                 .                .         *       .                |
 340.u  |                 .                .         *       .                |
 360.u  |                 .                .         *       .                |
 380.u  |                 .                .         *       .                |
 400.u  |                 .                .         *       .                |
 420.u  |                 .                .         *       .                |
 440.u  |                 .                .         *       .                |
 460.u  |                 .                .         *       .                |
 480.u  |                 .                .         *       .                |
 500.u  |                 .                .         *       .                |
        +-----------------+----------------+-----------------+----------------+
ACS (Al's Circuit Simulator) 0.21
Never trust any version less than 1.0
Copyright 1994, Albert Davis
ACS comes with ABSOLUTELY NO WARRANTY
This is free software, and you are welcome
to redistribute it under certain conditions.
See the file "COPYING" for details
2 stage op-amp, conected as voltage follower 02/16/88
#           iter(0)    v(1)       v(3)       v(4)       v(5)       v(6)      
+ v(7)       v(8)       v(9)      
 300.       17.       -1.         1.573      1.5797    -1.9279    -0.99985   
+-1.6301    -2.5        2.5       
vdb(6)-90.              -60.             -30.               0.              30.
vp(6)-180.              -90.              0.                90.            180.
        +-----------------+----------------+-----------------+----------------+
 1.     |                 .                +                *.                |
 1.5849 |                 .                +                *.                |
 2.5119 |                 .                +                *.                |
 3.9811 |                 .                +                *.                |
 6.3096 |                 .                +                *.                |
 10.    |                 .                +                *.                |
 15.849 |                 .                +                *.                |
 25.119 |                 .                +                *.                |
 39.811 |                 .                +                *.                |
 63.096 |                 .                +                *.                |
 100.   |                 .                +                *.                |
 158.49 |                 .                +                *.                |
 251.19 |                 .                +                *.                |
 398.11 |                 .                +                *.                |
 630.96 |                 .                +                 *                |
 1.K    |                 .                +                 *                |
 1.5849K|                 .               +.                 *                |
 2.5119K|                 .               +.                 *                |
 3.9811K|                 .              + .                 *                |
 6.3096K|                 .             +  .                 *                |
 10.K   |                 .           +    .                 *                |
 15.849K|                 .        +       .                 *                |
 25.119K|                 . +              .                 *                |
 39.811K|        +        .                .               * .                |
 63.096K| +               .                .          *      .                |
 100.K  |                 .                .      *          .             +  |
 158.49K|                 .                .  *              .         +      |
 251.19K|                 .                *                 .      +         |
 398.11K|                 .             *  .                 .   +            |
 630.96K|                 .           *    .                 . +              |
 1.Meg  |                 .        *       .                 .+               |
 1.5849M|                 .     *          .                +.                |
 2.5119M|                 .   *            .                +.                |
 3.9811M|                 .*               .                +.                |
 6.3096M|                *.                .                +.                |
 10.Meg |              *  .                .                 +                |
        +-----------------+----------------+-----------------+----------------+
v(6)  -4.               -2.               0.                2.               4.
        +-----------------+----------------+-----------------+----------------+
-5.     |            *    .                .                 .                |
-4.8    |            *    .                .                 .                |
-4.6    |            *    .                .                 .                |
-4.4    |            *    .                .                 .                |
-4.2    |            *    .                .                 .                |
-4.     |            *    .                .                 .                |
-3.8    |            *    .                .                 .                |
-3.6    |            *    .                .                 .                |
-3.4    |            *    .                .                 .                |
-3.2    |            *    .                .                 .                |
-3.     |            *    .                .                 .                |
-2.8    |            *    .                .                 .                |
-2.6    |            *    .                .                 .                |
-2.4    |             *   .                .                 .                |
-2.2    |               * .                .                 .                |
-2.     |                *.                .                 .                |
-1.8    |                 .*               .                 .                |
-1.6    |                 .  *             .                 .                |
-1.4    |                 .    *           .                 .                |
-1.2    |                 .      *         .                 .                |
-1.     |                 .       *        .                 .                |
-0.8    |                 .         *      .                 .                |
-0.6    |                 .           *    .                 .                |
-0.4    |                 .             *  .                 .                |
-0.2    |                 .              * .                 .                |
 2.165f |                 .                *                 .                |
 0.2    |                 .                . *               .                |
 0.4    |                 .                .   *             .                |
 0.6    |                 .                .    *            .                |
 0.8    |                 .                .      *          .                |
 1.     |                 .                .        *        .                |
 1.2    |                 .                .         *       .                |
 1.4    |                 .                .           *     .                |
 1.6    |                 .                .             *   .                |
 1.8    |                 .                .               * .                |
 2.     |                 .                .                *.                |
 2.2    |                 .                .                 .*               |
 2.4    |                 .                .                 .  *             |
 2.6    |                 .                .                 .   *            |
 2.8    |                 .                .                 .   *            |
 3.     |                 .                .                 .   *            |
 3.2    |                 .                .                 .   *            |
 3.4    |                 .                .                 .   *            |
 3.6    |                 .                .                 .   *            |
 3.8    |                 .                .                 .   *            |
 4.     |                 .                .                 .   *            |
 4.2    |                 .                .                 .   *            |
 4.4    |                 .                .                 .   *            |
 4.6    |                 .                .                 .   *            |
 4.8    |                 .                .                 .   *            |
 5.     |                 .                .                 .   *            |
        +-----------------+----------------+-----------------+----------------+
v(6)  -4.               -2.               0.                2.               4.
        +-----------------+----------------+-----------------+----------------+
 0.     |                 .       *        .                 .                |
 10.u   |                 .       *        .                 .                |
 20.u   |                 .       *        .                 .                |
 30.u   |                 .       *        .                 .                |
 40.u   |                 .       *        .                 .                |
 50.u   |                 .       *        .                 .                |
 60.u   |                 .       *        .                 .                |
 70.u   |                 .       *        .                 .                |
 80.u   |                 .       *        .                 .                |
 90.u   |                 .       *        .                 .                |
 100.u  |                 .       *        .                 .                |
 110.u  |                 .       *        .                 .                |
 120.u  |                 .       *        .                 .                |
 130.u  |                 .       *        .                 .                |
 140.u  |                 .       *        .                 .                |
 150.u  |                 .       *        .                 .                |
 160.u  |                 .       *        .                 .                |
 170.u  |                 .       *        .                 .                |
 180.u  |                 .       *        .                 .                |
 190.u  |                 .       *        .                 .                |
 200.u  |                 .       *        .                 .                |
 210.u  |                 .         *      .                 .                |
 220.u  |                 .               *.                 .                |
 230.u  |                 .                .    *            .                |
 240.u  |                 .                .        *        .                |
 250.u  |                 .                .        *        .                |
 260.u  |                 .                .        *        .                |
 270.u  |                 .                .        *        .                |
 280.u  |                 .                .        *        .                |
 290.u  |                 .                .        *        .                |
 300.u  |                 .                .        *        .                |
 310.u  |                 .                .        *        .                |
 320.u  |                 .                .        *        .                |
 330.u  |                 .                .        *        .                |
 340.u  |                 .                .        *        .                |
 350.u  |                 .                .        *        .                |
 360.u  |                 .                .        *        .                |
 370.u  |                 .                .        *        .                |
 380.u  |                 .                .        *        .                |
 390.u  |                 .                .        *        .                |
 400.u  |                 .                .        *        .                |
 410.u  |                 .                .        *        .                |
 420.u  |                 .                .        *        .                |
 430.u  |                 .                .        *        .                |
 440.u  |                 .                .        *        .                |
 450.u  |                 .                .        *        .                |
 460.u  |                 .                .        *        .                |
 470.u  |                 .                .        *        .                |
 480.u  |                 .                .        *        .                |
 490.u  |                 .                .        *        .                |
 500.u  |                 .                .        *        .                |
 510.u  |                 .                .        *        .                |
 520.u  |                 .                .       *         .                |
 530.u  |                 .                .      *          .                |
 540.u  |                 .                .     *           .                |
 550.u  |                 .                .   *             .                |
 560.u  |                 .                .  *              .                |
 570.u  |                 .                . *               .                |
 580.u  |                 .                *                 .                |
 590.u  |                 .               *.                 .                |
 600.u  |                 .              * .                 .                |
 610.u  |                 .            *   .                 .                |
 620.u  |                 .           *    .                 .                |
 630.u  |                 .          *     .                 .                |
 640.u  |                 .        *       .                 .                |
 650.u  |                 .       *        .                 .                |
 660.u  |                 .     *          .                 .                |
 670.u  |                 .     *          .                 .                |
 680.u  |                 .        *       .                 .                |
 690.u  |                 .        *       .                 .                |
 700.u  |                 .       *        .                 .                |
 710.u  |                 .       *        .                 .                |
 720.u  |                 .       *        .                 .                |
 730.u  |                 .       *        .                 .                |
 740.u  |                 .       *        .                 .                |
 750.u  |                 .       *        .                 .                |
 760.u  |                 .       *        .                 .                |
 770.u  |                 .       *        .                 .                |
 780.u  |                 .       *        .                 .                |
 790.u  |                 .       *        .                 .                |
 800.u  |                 .       *        .                 .                |
 810.u  |                 .         *      .                 .                |
 820.u  |                 .               *.                 .                |
 830.u  |                 .                .    *            .                |
 840.u  |                 .                .        *        .                |
 850.u  |                 .                .        *        .                |
 860.u  |                 .                .        *        .                |
 870.u  |                 .                .       *         .                |
 880.u  |                 .                .        *        .                |
 890.u  |                 .                .        *        .                |
 900.u  |                 .                .        *        .                |
 910.u  |                 .                .        *        .                |
 920.u  |                 .                .        *        .                |
 930.u  |                 .                .        *        .                |
 940.u  |                 .                .        *        .                |
 950.u  |                 .                .        *        .                |
 960.u  |                 .                .        *        .                |
 970.u  |                 .                .        *        .                |
 980.u  |                 .                .        *        .                |
 990.u  |                 .                .        *        .                |
 0.001  |                 .                .        *        .                |
        +-----------------+----------------+-----------------+----------------+
22.742u 6.188s 0:59.76 48.3% 0+0k 41+0io 0pf+0w
