@COPYRIGHT
@COPYING
@README
@slrn.lis
@changes.txt
@configure 0755
# 
@doc/VMS-SLRN.HLP
@doc/help.txt
@doc/INSTALL
@doc/README.vms
@doc/README.os2
@doc/README.GroupLens
@doc/README.macros
@doc/slrn.sl
@doc/FAQ
@doc/SCORE_FAQ
@doc/score.txt
@doc/score.sl
@doc/slrn.rc
@doc/slrn.1
@doc/os2keys.txt
#
@autoconf/configure.in
@autoconf/Makefile.in
@autoconf/install.sh 0755
@autoconf/mkinsdir.sh 0755
#
@macros/nn.sl
@macros/tin-art.sl
@macros/tin-group.sl
@macros/util.sl
@macros/ttyprint.sl
#
@slrnpull/slrnpull.sh 0755
@slrnpull/slrnpull.conf
@slrnpull/README
@slrnpull/QUICK_INSTALL
@slrnpull/score
@slrnpull/slrn.rc
#
@src/jdmacros.h
@src/sltcp.c
@src/sltcp.h
@src/grplens.c
@src/grplens.h
@src/chmap.c
@src/chmap.h
@src/ibm850.h
@src/Makefile.os2
@src/uudecode.c
@src/uudecode.h
@src/slrnfeat.h
@src/help.c
@src/Makefile.in
@src/menu.c
@src/menu.h
@src/score.c
@src/score.h
@src/slrn.c 
@src/group.c 
@src/misc.c
@src/mime.c
@src/mime.h
@src/clientlib.c 
@src/clientlib.h
@src/art.c 
@src/post.c
@src/slrn.h 
@src/group.h 
@src/misc.h 
@src/server.c
@src/server.h
@src/spool.c
@src/art.h 
@src/post.h
@src/startup.c
@src/startup.h
@src/hash.c
@src/config.hin
@src/slrnconf.h
@src/modules.lis
@src/hash.h
@src/chkslang.c
@src/vms.c
@src/vms.h
@src/interp.c
@src/interp.h
@src/vmsmail.c
@src/vmsmail.h
@src/DESCRIP.MMS
@src/VMSMAKE.COM
@src/slrnpull.c
@src/ttymsg.c
@src/ttymsg.h
@src/util.c
@src/util.h
@src/editscore.c
@src/slrnpull.c
@src/nntplib.c
@src/nntplib.h
@src/nntpcodes.h
@src/nntp.c 
@src/xover.c
@src/xover.h
@src/sortdate.c
