This is TeX, C Version 3.14t3 (format=lplain 92.5.27)  11 JUL 1994 12:04
**progress.tex
(progress.tex
LaTeX Version 2.09 <7 Dec 1989>
(/usr/local/lib/tex/inputs/article.sty
Document Style `article' <16 Mar 88>.
(/usr/local/lib/tex/inputs/art12.sty)
\c@part=\count79
\c@section=\count80
\c@subsection=\count81
\c@subsubsection=\count82
\c@paragraph=\count83
\c@subparagraph=\count84
\c@figure=\count85
\c@table=\count86
) (progress.aux) [1

] [2] (progress.aux) ) 
Here is how much of TeX's memory you used:
 149 strings out of 4463
 1442 string characters out of 63241
 29189 words of memory out of 262141
 2099 multiletter control sequences out of 9500
 19304 words of font info for 73 fonts, out of 72000 for 255
 14 hyphenation exceptions out of 607
 12i,6n,15p,259b,211s stack positions out of 300i,40n,60p,3000b,4000s

Output written on progress.dvi (2 pages, 4412 bytes).
