This is TeX, C Version 3.14t3 (format=lplain 92.5.27)  10 AUG 1994 11:33
**report.tex
(report.tex
LaTeX Version 2.09 <7 Dec 1989>
(/usr/local/lib/tex/inputs/article.sty
Document Style `article' <16 Mar 88>.
(/usr/local/lib/tex/inputs/art12.sty)
\c@part=\count79
\c@section=\count80
\c@subsection=\count81
\c@subsubsection=\count82
\c@paragraph=\count83
\c@subparagraph=\count84
\c@figure=\count85
\c@table=\count86
)
No file report.aux.

Underfull \hbox (badness 10000) in paragraph at lines 8--16


\hbox(0.0+0.0)x390.0
.\penalty -10000
.\glue(\rightskip) 0.0


Underfull \hbox (badness 10000) in paragraph at lines 24--28


\hbox(0.0+0.0)x390.0
.\penalty -10000
.\glue(\rightskip) 0.0

[1

] [2] [3] (report.aux) ) 
Here is how much of TeX's memory you used:
 145 strings out of 4463
 1396 string characters out of 63241
 29422 words of memory out of 262141
 2098 multiletter control sequences out of 9500
 19304 words of font info for 73 fonts, out of 72000 for 255
 14 hyphenation exceptions out of 607
 12i,6n,15p,190b,216s stack positions out of 300i,40n,60p,3000b,4000s

Output written on report.dvi (3 pages, 4432 bytes).
