test -f seesat.c
test root = "`whoami`"
test -f seesat.c
make
make[1]: Entering directory `/Debian/pkgwork/seesat5/seesat5-0.90'
gcc -c seesat.c
gcc -c driver.c
gcc -c util.c
gcc -c sgp4.c
gcc -c astro.c
gcc -c readel.c
gcc -c cr.c
gcc -o seesat5 -L/usr/lib/  seesat.o driver.o util.o sgp4.o astro.o readel.o -lm 
gcc -o cr cr.o
make[1]: Leaving directory `/Debian/pkgwork/seesat5/seesat5-0.90'
rm clean
touch build
rm -rf debian-tmp
mkdir debian-tmp
chown root.root debian-tmp
chmod 0755 debian-tmp
mkdir debian-tmp/DEBIAN
sed -e '2s/=/0.90-1/' \
debian.control > debian-tmp/DEBIAN/control
make -f debian.rules FAKE_ROOT=debian-tmp install
make[1]: Entering directory `/Debian/pkgwork/seesat5/seesat5-0.90'
install --directory --owner=root --group=root --mode=0755 /usr/bin
strip seesat5
install --owner=root --group=root --mode=0755 seesat5 /usr/bin/seesat5
strip cr
install --owner=root --group=root --mode=0755 cr /usr/bin/cr
install --directory --owner=root --group=root --mode=0755 /usr/man/man1
install --owner=root --group=root --mode=0644 Docs/seesat5.man.1 /usr/man/man1/seesat5.1
install --owner=root --group=root --mode=0644 Docs/cr.man.1 /usr/man/man1/cr.1
install --directory --owner=root --group=root --mode=0755 /usr/man/man5
install --owner=root --group=root --mode=0644 Docs/SEESAT5.INI.man.5 /usr/man/man5/SEESAT5.INI.5
install --owner=root --group=root --mode=0644 Docs/tle.man.5 /usr/man/man5/tle.5
install --directory --owner=root --group=root --mode=0755 /usr/man/man7
install --owner=root --group=root --mode=0644 Docs/seesat5.man.7 /usr/man/man7/seesat5.7
install --directory --owner=root --group=root --mode=0755 /usr/doc/seesat5
install --owner=root --group=root --mode=0644 Docs/seesat5.docs.old /usr/doc/seesat5
install --directory --owner=root --group=root --mode=0755 /usr/doc/copyright
install --owner=root --group=root --mode=0644 Docs/seesat.copyright /usr/doc/copyright/seesat
install --owner=root --group=root --mode=0644 Docs/seesat5.copyright /usr/doc/copyright/seesat5
install --directory --owner=root --group=root --mode=0755 /usr/doc/example/seesat5
install --owner=root --group=root --mode=0644 Docs/Visual.tle /usr/doc/example/seesat5
install --owner=root --group=root --mode=0644 Docs/SEESAT5.INI.example /usr/doc/example/seesat5
make[1]: Leaving directory `/Debian/pkgwork/seesat5/seesat5-0.90'
chown -R root.root debian-tmp
chmod -R g-w debian-tmp
dpkg --build debian-tmp
warning, in file `debian-tmp/DEBIAN/control' near line 5 package `seesat5':
 missing architecture
dpkg-deb: ignoring 1 warnings about the control file(s)
dpkg-deb: building package `seesat5' in `debian-tmp.deb'.
mv debian-tmp.deb ../seesat5-0.90-1.deb
