test -f pstops.c
test root = "`whoami`"
test -f pstops.c
chmod +x ./maketext
make
make[1]: Entering directory `/Debian/pkgwork/psutils/psutils-1.16'
gcc -DPAPER=\"a4\" -DUNIX -O -Wall   -c psbook.c -o psbook.o
gcc -DPAPER=\"a4\" -DUNIX -O -Wall   -c psutil.c -o psutil.o
gcc -DPAPER=\"a4\" -DUNIX -O -Wall   -c pserror.c -o pserror.o
gcc  -o psbook psutil.o pserror.o psbook.o
gcc -DPAPER=\"a4\" -DUNIX -O -Wall   -c psselect.c -o psselect.o
gcc  -o psselect psutil.o pserror.o psselect.o
gcc -DPAPER=\"a4\" -DUNIX -O -Wall   -c pstops.c -o pstops.o
gcc -DPAPER=\"a4\" -DUNIX -O -Wall   -c psspec.c -o psspec.o
gcc  -o pstops psutil.o psspec.o pserror.o pstops.o
gcc -DPAPER=\"a4\" -DUNIX -O -Wall   -c epsffit.c -o epsffit.o
epsffit.c: In function `main':
epsffit.c:45: warning: `urx' might be used uninitialized in this function
epsffit.c:45: warning: `ury' might be used uninitialized in this function
epsffit.c:45: warning: `llx' might be used uninitialized in this function
epsffit.c:45: warning: `lly' might be used uninitialized in this function
epsffit.c:49: warning: `input' might be used uninitialized in this function
epsffit.c:50: warning: `output' might be used uninitialized in this function
gcc  -o epsffit pserror.o epsffit.o
gcc -DPAPER=\"a4\" -DUNIX -O -Wall   -c psnup.c -o psnup.o
psnup.c: In function `main':
psnup.c:71: warning: `horiz' might be used uninitialized in this function
psnup.c:71: warning: `vert' might be used uninitialized in this function
psnup.c:71: warning: `rotate' might be used uninitialized in this function
psnup.c:74: warning: `scale' might be used uninitialized in this function
gcc  -o psnup psutil.o psspec.o pserror.o psnup.o
gcc -DPAPER=\"a4\" -DUNIX -O -Wall   -c psresize.c -o psresize.o
gcc  -o psresize psutil.o psspec.o pserror.o psresize.o
/usr/bin/perl maketext PERL=/usr/bin/perl fixfmps.pl > fixfmps
chmod 0755 fixfmps
/usr/bin/perl maketext PERL=/usr/bin/perl INCLUDE=/usr/lib/psutils fixmacps.pl > fixmacps
chmod 0755 fixmacps
/usr/bin/perl maketext PERL=/usr/bin/perl fixpsditps.pl > fixpsditps
chmod 0755 fixpsditps
/usr/bin/perl maketext PERL=/usr/bin/perl fixpspps.pl > fixpspps
chmod 0755 fixpspps
/usr/bin/perl maketext PERL=/usr/bin/perl fixtpps.pl > fixtpps
chmod 0755 fixtpps
/usr/bin/perl maketext PERL=/usr/bin/perl fixwfwps.pl > fixwfwps
chmod 0755 fixwfwps
/usr/bin/perl maketext PERL=/usr/bin/perl fixwpps.pl > fixwpps
chmod 0755 fixwpps
/usr/bin/perl maketext PERL=/usr/bin/perl fixscribeps.pl > fixscribeps
chmod 0755 fixscribeps
/usr/bin/perl maketext PERL=/usr/bin/perl fixwwps.pl > fixwwps
chmod 0755 fixwwps
/usr/bin/perl maketext PERL=/usr/bin/perl fixdlsrps.pl > fixdlsrps
chmod 0755 fixdlsrps
/usr/bin/perl maketext PERL=/usr/bin/perl extractres.pl > extractres
chmod 0755 extractres
/usr/bin/perl maketext PERL=/usr/bin/perl INCLUDE=/usr/lib/psutils includeres.pl > includeres
chmod 0755 includeres
/usr/bin/perl maketext PERL=/usr/bin/perl psmerge.pl > psmerge
chmod 0755 psmerge
/usr/bin/perl maketext "MAN=psbook.1 psselect.1 pstops.1 epsffit.1 psnup.1 psresize.1 psmerge.1 fixscribeps.1 getafm.1 fixdlsrps.1 fixfmps.1 fixmacps.1 fixpsditps.1 fixpspps.1 fixtpps.1 fixwfwps.1 fixwpps.1 fixwwps.1 extractres.1 includeres.1" psbook.man > psbook.1
/usr/bin/perl maketext "MAN=psbook.1 psselect.1 pstops.1 epsffit.1 psnup.1 psresize.1 psmerge.1 fixscribeps.1 getafm.1 fixdlsrps.1 fixfmps.1 fixmacps.1 fixpsditps.1 fixpspps.1 fixtpps.1 fixwfwps.1 fixwpps.1 fixwwps.1 extractres.1 includeres.1" psselect.man > psselect.1
/usr/bin/perl maketext "MAN=psbook.1 psselect.1 pstops.1 epsffit.1 psnup.1 psresize.1 psmerge.1 fixscribeps.1 getafm.1 fixdlsrps.1 fixfmps.1 fixmacps.1 fixpsditps.1 fixpspps.1 fixtpps.1 fixwfwps.1 fixwpps.1 fixwwps.1 extractres.1 includeres.1" PAPER=a4 pstops.man > pstops.1
/usr/bin/perl maketext MAN="psbook.1 psselect.1 pstops.1 epsffit.1 psnup.1 psresize.1 psmerge.1 fixscribeps.1 getafm.1 fixdlsrps.1 fixfmps.1 fixmacps.1 fixpsditps.1 fixpspps.1 fixtpps.1 fixwfwps.1 fixwpps.1 fixwwps.1 extractres.1 includeres.1" epsffit.man > epsffit.1
/usr/bin/perl maketext MAN="psbook.1 psselect.1 pstops.1 epsffit.1 psnup.1 psresize.1 psmerge.1 fixscribeps.1 getafm.1 fixdlsrps.1 fixfmps.1 fixmacps.1 fixpsditps.1 fixpspps.1 fixtpps.1 fixwfwps.1 fixwpps.1 fixwwps.1 extractres.1 includeres.1" PAPER=a4 psnup.man > psnup.1
/usr/bin/perl maketext MAN="psbook.1 psselect.1 pstops.1 epsffit.1 psnup.1 psresize.1 psmerge.1 fixscribeps.1 getafm.1 fixdlsrps.1 fixfmps.1 fixmacps.1 fixpsditps.1 fixpspps.1 fixtpps.1 fixwfwps.1 fixwpps.1 fixwwps.1 extractres.1 includeres.1" PAPER=a4 psresize.man > psresize.1
/usr/bin/perl maketext "MAN=psbook.1 psselect.1 pstops.1 epsffit.1 psnup.1 psresize.1 psmerge.1 fixscribeps.1 getafm.1 fixdlsrps.1 fixfmps.1 fixmacps.1 fixpsditps.1 fixpspps.1 fixtpps.1 fixwfwps.1 fixwpps.1 fixwwps.1 extractres.1 includeres.1" psmerge.man > psmerge.1
/usr/bin/perl maketext "MAN=psbook.1 psselect.1 pstops.1 epsffit.1 psnup.1 psresize.1 psmerge.1 fixscribeps.1 getafm.1 fixdlsrps.1 fixfmps.1 fixmacps.1 fixpsditps.1 fixpspps.1 fixtpps.1 fixwfwps.1 fixwpps.1 fixwwps.1 extractres.1 includeres.1" fixscribeps.man > fixscribeps.1
/usr/bin/perl maketext "MAN=psbook.1 psselect.1 pstops.1 epsffit.1 psnup.1 psresize.1 psmerge.1 fixscribeps.1 getafm.1 fixdlsrps.1 fixfmps.1 fixmacps.1 fixpsditps.1 fixpspps.1 fixtpps.1 fixwfwps.1 fixwpps.1 fixwwps.1 extractres.1 includeres.1" getafm.man > getafm.1
/usr/bin/perl maketext "MAN=psbook.1 psselect.1 pstops.1 epsffit.1 psnup.1 psresize.1 psmerge.1 fixscribeps.1 getafm.1 fixdlsrps.1 fixfmps.1 fixmacps.1 fixpsditps.1 fixpspps.1 fixtpps.1 fixwfwps.1 fixwpps.1 fixwwps.1 extractres.1 includeres.1" fixdlsrps.man > fixdlsrps.1
/usr/bin/perl maketext "MAN=psbook.1 psselect.1 pstops.1 epsffit.1 psnup.1 psresize.1 psmerge.1 fixscribeps.1 getafm.1 fixdlsrps.1 fixfmps.1 fixmacps.1 fixpsditps.1 fixpspps.1 fixtpps.1 fixwfwps.1 fixwpps.1 fixwwps.1 extractres.1 includeres.1" fixfmps.man > fixfmps.1
/usr/bin/perl maketext "MAN=psbook.1 psselect.1 pstops.1 epsffit.1 psnup.1 psresize.1 psmerge.1 fixscribeps.1 getafm.1 fixdlsrps.1 fixfmps.1 fixmacps.1 fixpsditps.1 fixpspps.1 fixtpps.1 fixwfwps.1 fixwpps.1 fixwwps.1 extractres.1 includeres.1" INCLUDE=/usr/lib/psutils fixmacps.man > fixmacps.1
/usr/bin/perl maketext "MAN=psbook.1 psselect.1 pstops.1 epsffit.1 psnup.1 psresize.1 psmerge.1 fixscribeps.1 getafm.1 fixdlsrps.1 fixfmps.1 fixmacps.1 fixpsditps.1 fixpspps.1 fixtpps.1 fixwfwps.1 fixwpps.1 fixwwps.1 extractres.1 includeres.1" fixpsditps.man > fixpsditps.1
/usr/bin/perl maketext "MAN=psbook.1 psselect.1 pstops.1 epsffit.1 psnup.1 psresize.1 psmerge.1 fixscribeps.1 getafm.1 fixdlsrps.1 fixfmps.1 fixmacps.1 fixpsditps.1 fixpspps.1 fixtpps.1 fixwfwps.1 fixwpps.1 fixwwps.1 extractres.1 includeres.1" fixpspps.man > fixpspps.1
/usr/bin/perl maketext "MAN=psbook.1 psselect.1 pstops.1 epsffit.1 psnup.1 psresize.1 psmerge.1 fixscribeps.1 getafm.1 fixdlsrps.1 fixfmps.1 fixmacps.1 fixpsditps.1 fixpspps.1 fixtpps.1 fixwfwps.1 fixwpps.1 fixwwps.1 extractres.1 includeres.1" fixtpps.man > fixtpps.1
/usr/bin/perl maketext "MAN=psbook.1 psselect.1 pstops.1 epsffit.1 psnup.1 psresize.1 psmerge.1 fixscribeps.1 getafm.1 fixdlsrps.1 fixfmps.1 fixmacps.1 fixpsditps.1 fixpspps.1 fixtpps.1 fixwfwps.1 fixwpps.1 fixwwps.1 extractres.1 includeres.1" fixwfwps.man > fixwfwps.1
/usr/bin/perl maketext "MAN=psbook.1 psselect.1 pstops.1 epsffit.1 psnup.1 psresize.1 psmerge.1 fixscribeps.1 getafm.1 fixdlsrps.1 fixfmps.1 fixmacps.1 fixpsditps.1 fixpspps.1 fixtpps.1 fixwfwps.1 fixwpps.1 fixwwps.1 extractres.1 includeres.1" fixwpps.man > fixwpps.1
/usr/bin/perl maketext "MAN=psbook.1 psselect.1 pstops.1 epsffit.1 psnup.1 psresize.1 psmerge.1 fixscribeps.1 getafm.1 fixdlsrps.1 fixfmps.1 fixmacps.1 fixpsditps.1 fixpspps.1 fixtpps.1 fixwfwps.1 fixwpps.1 fixwwps.1 extractres.1 includeres.1" fixwwps.man > fixwwps.1
/usr/bin/perl maketext "MAN=psbook.1 psselect.1 pstops.1 epsffit.1 psnup.1 psresize.1 psmerge.1 fixscribeps.1 getafm.1 fixdlsrps.1 fixfmps.1 fixmacps.1 fixpsditps.1 fixpspps.1 fixtpps.1 fixwfwps.1 fixwpps.1 fixwwps.1 extractres.1 includeres.1" extractres.man > extractres.1
/usr/bin/perl maketext "MAN=psbook.1 psselect.1 pstops.1 epsffit.1 psnup.1 psresize.1 psmerge.1 fixscribeps.1 getafm.1 fixdlsrps.1 fixfmps.1 fixmacps.1 fixpsditps.1 fixpspps.1 fixtpps.1 fixwfwps.1 fixwpps.1 fixwwps.1 extractres.1 includeres.1" INCLUDE=/usr/lib/psutils includeres.man > includeres.1
make[1]: Leaving directory `/Debian/pkgwork/psutils/psutils-1.16'
(cat debian.README; echo -e '\n\n'; cat LICENSE) >debian-tmp.copyright
touch build
rm -rf debian-tmp
mkdir debian-tmp debian-tmp/DEBIAN
install -d debian-tmp/usr/{doc/copyright,bin,man/man1,lib/psutils}
sed -e '2s/=/1.16-1/' \
debian.control > debian-tmp/DEBIAN/control
make prefix=debian-tmp/usr install
make[1]: Entering directory `/Debian/pkgwork/psutils/psutils-1.16'
mkdir debian-tmp/usr/bin
mkdir: cannot make directory `debian-tmp/usr/bin': File exists
make[1]: [install.bin] Error 1 (ignored)
Installing psbook
Installing psselect
Installing pstops
Installing epsffit
Installing psnup
Installing psresize
mkdir debian-tmp/usr/bin
mkdir: cannot make directory `debian-tmp/usr/bin': File exists
make[1]: [install.script] Error 1 (ignored)
Installing fixfmps
Installing fixmacps
Installing fixpsditps
Installing fixpspps
Installing fixtpps
Installing fixwfwps
Installing fixwpps
Installing fixscribeps
Installing fixwwps
Installing fixdlsrps
Installing extractres
Installing includeres
Installing psmerge
Installing getafm
mkdir debian-tmp/usr/man/man1
mkdir: cannot make directory `debian-tmp/usr/man/man1': File exists
make[1]: [install.man] Error 1 (ignored)
Installing manual page for psbook.1
Installing manual page for psselect.1
Installing manual page for pstops.1
Installing manual page for epsffit.1
Installing manual page for psnup.1
Installing manual page for psresize.1
Installing manual page for psmerge.1
Installing manual page for fixscribeps.1
Installing manual page for getafm.1
Installing manual page for fixdlsrps.1
Installing manual page for fixfmps.1
Installing manual page for fixmacps.1
Installing manual page for fixpsditps.1
Installing manual page for fixpspps.1
Installing manual page for fixtpps.1
Installing manual page for fixwfwps.1
Installing manual page for fixwpps.1
Installing manual page for fixwwps.1
Installing manual page for extractres.1
Installing manual page for includeres.1
mkdir debian-tmp/usr/lib/psutils
mkdir: cannot make directory `debian-tmp/usr/lib/psutils': File exists
make[1]: [install.include] Error 1 (ignored)
Installing md68_0.ps
Installing md71_0.ps
make[1]: Leaving directory `/Debian/pkgwork/psutils/psutils-1.16'
cp debian-tmp.copyright debian-tmp/usr/doc/copyright/psutils
chown -R root.root debian-tmp
chmod -R g-ws debian-tmp
dpkg --build debian-tmp
warning, in file `debian-tmp/DEBIAN/control' near line 7 package `psutils':
 missing architecture
dpkg-deb: ignoring 1 warnings about the control file(s)
dpkg-deb: building package `psutils' in `debian-tmp.deb'.
mv debian-tmp.deb ../psutils-1.16-1.deb
