Notice	fd29c05f	1184
README	2c806d5	7204
cds.c	e46ba5f6	4168
data.c	1705f432	10471
defines.h	fd9fa7c5	8720
defs.h	10cfaada	33891
equiv.c	4ed72a7	9292
error.c	3ceee3e	4979
exec.c	e8b056da	20102
expr.c	41ab919	67026
f2c.1	f104ea18	6827
f2c.1t	e4fe8d24	6903
f2c.h	1be51f39	4668
format.c	fd1ec201	57983
format.h	b396862	458
formatdata.c	f0ac14ec	26660
ftypes.h	18b86a27	1377
gram.dcl	ecfdc554	8162
gram.exec	e190cb8e	3026
gram.expr	e3da3320	3137
gram.head	1591952b	7309
gram.io	1b7c281c	3294
init.c	17eb3e02	11573
intr.c	eef2d1a5	22812
io.c	1020ad7f	30623
iob.h	ece45655	548
lex.c	bee4de7	33607
machdefs.h	4950e5b	659
main.c	f9ddf12c	18825
malloc.c	f11626e9	3622
mem.c	1cbf32d0	5396
memset.c	f56469fb	1992
misc.c	88c3c02	21864
names.c	16e1b4bf	21521
names.h	110806d6	569
niceprintf.c	e4fac2be	10826
niceprintf.h	c31f08c	412
output.c	fe53c21c	42289
output.h	fa6797d9	2103
p1defs.h	1b02743	5741
p1output.c	3a0fff0	14239
parse.h	18d34e6b	1119
parse_args.c	176faaca	14118
pccdefs.h	1b4fbbee	1195
pread.c	6408ee8	17816
proc.c	1402bb3c	38960
put.c	1a037ae5	10027
putpcc.c	3081b8f	44193
sysdep.c	e0b5e8d3	12141
sysdep.h	15f2fca6	2718
tokens	188b7c5d	733
usignal.h	1c4ce909	124
vax.c	f394631	12051
version.c	1c5435da	107
xsum.c	eba2b299	6599
