@COPYING
@COPYING.GPL
@COPYING.ART
@COPYRIGHT
@README
@INSTALL.unx
@INSTALL.vms
@INSTALL.pc
@changes.txt
@configure 0755
@slang.lis
@autoconf/configure.in
@autoconf/install.sh 0755
@autoconf/mkinsdir.sh 0755
@autoconf/Makefile.in
@demo/README
@demo/pager.c
@demo/array.sl
@demo/array.c
@demo/complex.sl
@demo/complex.c
@demo/makefile.dos
@demo/makefile
@demo/makefile.djg
@demo/makefile.unx
@demo/modules.unx
@demo/simple.c
@demo/simple.sl
@demo/useropen.c
@demo/configure.in
@demo/configure 0755
@demo/Makefile.in
@demo/keypad.c
@demo/smgtest.c
@demo/demolib.c
@doc/Makefile
@doc/README
@doc/cslang.tex
@doc/faq.txt
@doc/intrins.txt
@doc/object.txt
@doc/slang.how
@doc/slang.tex
@doc/texconv.c
@doc/signals.txt
@help/README
@help/makefile.djg
@help/makefile.unx
@help/makefile.os2
@help/slang.hlp
@help/slhelp.c
@src/_slang.h
@src/jdmacros.h
@src/calc.c
@src/calc.sl
@src/config.hin
@src/DESCRIP.MMS
@src/Makefile.in
@src/modules.unx
@src/sltypes.c
@src/slang.c
@src/slang.h
@src/sl-feat.h
@src/slarray.h
@src/slarray.c
@src/slasync.c
@src/slclass.c
@src/slcmd.c
@src/slconfig.h
@src/slcurses.h
@src/slcurses.c
@src/sldisply.c
@src/sldostty.c
@src/slerr.c
@src/slfile.h
@src/slfile.c
@src/slgetkey.c
@src/slkeymap.c
@src/slkeypad.c
@src/slmalloc.c
@src/slmath.h
@src/slmath.c
@src/slmatrix.c
@src/slmemchr.c
@src/slmemcmp.c
@src/slmemcpy.c
@src/slmemset.c
@src/slmisc.c
@src/slos2tty.c
@src/slparse.c
@src/slregexp.c
@src/slrline.c
@src/slsearch.c
@src/slsmg.c
@src/slstd.c
@src/sltermin.c
@src/sltoken.c
@src/slunix.c
@src/slutty.c
@src/slvideo.c
@src/slvmstty.c
@src/slwind.c
@src/slw32tty.c
@src/slxstrng.c
@src/untic.c
@src/slprepr.c
@src/VMSMAKE.COM
@src/worm.c
@src/slscroll.c
@src/slsignal.c
@src/slerrno.c
@src/mkfiles/makefile.all
@src/mkfiles/mkmake.c
*src/mkfiles/mkmake.exe
@src/mkfiles/README
@src/mkfiles/old/changes.wcc
@src/mkfiles/old/gcc.inc
@src/mkfiles/old/makefile.bcc
@src/mkfiles/old/makefile.djg
@src/mkfiles/old/makefile.emx
@src/mkfiles/old/makefile.msw
@src/mkfiles/old/makefile.os2
@src/mkfiles/old/makefile.w32
@src/mkfiles/old/makefile.w95
@src/mkfiles/old/makefile.wcc
@src/mkfiles/old/os2sl.def
@src/mkfiles/old/os2sl16.def
@src/mkfiles/old/slang.rsp
@src/mkfiles/old/slangwcc.rsp
@src/mkfiles/old/wslang.rsp
@src/curses/README
@src/curses/Makefile
@src/curses/battle.c
@src/curses/blue.c
@src/curses/bs.c
@src/curses/firework.c
@src/curses/gdc.c
@src/curses/hanoi.c
@src/curses/knight.c
@src/curses/rain.c
@src/curses/tclock.c
@src/curses/view.c
@src/curses/worm.c
