@README
@jed.lis
@COPYING
@COPYRIGHT
@INSTALL
@INSTALL.pc
@INSTALL.unx
@INSTALL.vms
@configure.in
@configure 0755
@install.sh 0755
@mkinsdir.sh 0755
@Makefile.in
@changes.txt
@bin/init_jed.com
@bin/jed_mail.com
@bin/keptjed.com
@doc/README
@doc/jed.tex
@doc/abbrev.txt
@doc/color.txt
@doc/edt.txt
@doc/hooks.txt
@doc/jed_faq.txt
@doc/mouse.txt
@doc/pc-keys.txt
@doc/program.txt
@doc/rgrep.txt
@doc/rmail.txt
@doc/script.txt
@doc/syntax.txt
@doc/fold.txt
@doc/wjed.txt
@doc/dfa.txt
@doc/wordstar.txt
@doc/xjed.txt
@doc/undo.txt
@doc/yankpop.txt
@doc/emacs.txt
@info/dir.info
@info/info.info
@info/jed.1in
@info/jed.2in
@info/jed.3in
@info/jed.info
@lib/ashell.sl
@lib/macro.sl
@lib/perl.sl
@lib/filter.sl
@lib/keycode.sl
@lib/modehook.sl
@lib/brief.sl
@lib/lisp.sl
@lib/javamode.sl
@lib/html.sl
@lib/nroff.sl
@lib/pscript.sl
@lib/abbrev.sl
@lib/abbrmisc.sl
@lib/binary.sl
@lib/bookmark.sl
@lib/buf.sl
@lib/bytecomp.sl
@lib/cal.sl
@lib/cmisc.sl
@lib/cmode.sl
@lib/color.sl
@lib/compile.dat
@lib/compile.sl
@lib/acompile.sl
@lib/cpright.hlp
@lib/ctags.sl
@lib/dabbrev.sl
@lib/dcl.sl
@lib/digraph.sl          
@lib/dired.sl
@lib/dos437.sl
@lib/dos850.sl
@lib/edt.hlp
@lib/edt.sl
@lib/emacs.hlp
@lib/emacs.sl
@lib/emacsmsc.sl
@lib/fortran.sl
@lib/f90.sl
@lib/ff90.sl
@lib/generic.hlp
@lib/help.sl
@lib/idl.sl
@lib/info.sl
@lib/isearch.sl
@lib/iso-latin.sl
@lib/iso-lat2.sl
@lib/iso2xxx.sl
@lib/ispell.sl
@lib/jed.hlp
@lib/jed.rc
@lib/jed_funs.hlp
@lib/jedhelp.sl
@lib/krconv.sl
@lib/bibtex.sl
@lib/latex.sl
@lib/latex209.sl
@lib/linux.sl
@lib/ltx-comp.dat
@lib/ltx-math.sl
@lib/mail.sl
@lib/man.sl
@lib/menu.sl
@lib/mini.sl
@lib/misc.sl
@lib/mkdoc.sl
@lib/mktex.sl
@lib/most.sl
@lib/mouse.sl
@lib/mswmouse.sl
@lib/mousex.sl
@lib/mutekeys.sl
@lib/os.sl
@lib/pipe.sl
@lib/pymode.sl
@lib/preparse.sl
@lib/regexp.sl
@lib/replace.sl
@lib/rmail.sl
@lib/mime.sl
@lib/sendmail.sl
@lib/mailalias.sl
@lib/register.sl
@lib/rot13.sl
@lib/search.sl
@lib/shell.sl
@lib/shmode.sl
@lib/simple.hlp
@lib/site.sl
@lib/slmode.sl
@lib/sort.sl
@lib/folding.sl
@lib/sortmisc.sl
@lib/srchmisc.sl
@lib/syntax.sl
@lib/tabs.sl
@lib/tex.sl
@lib/texcom.sl
@lib/tmisc.sl
@lib/textmac.sl
@lib/tpascal.sl
@lib/untab.sl
@lib/util.sl
@lib/occur.sl
@lib/vms_shell.com
@lib/vmshelp.sl
@lib/wmenu.sl
@lib/wmark.sl
@lib/wordstar.sl
@lib/yankpop.sl
@lib/verilog.sl
@lib/spicemod.sl
@lib/vhdlmode.sl
*bin/mswshell.pif
@src/Makefile.in
@src/modules.unx
@src/jed-feat.h
@src/jedconf.h
@src/mswin.c
@src/mswshell.c
@src/jprocess.c
@src/jprocess.h
@src/abbrev.c
@src/abbrev.h
@src/buffer.c
@src/buffer.h
@src/blocal.c
@src/blocal.h
@src/chkslang.c
@src/cmds.c
@src/cmds.h
@src/config.hin
@src/jdmacros.h
@src/copyright
@src/deccmake.com
@src/descrip.mms
@src/display.c
@src/display.h
@src/dos_os2.c
@src/doskeys.c
@src/file.c
@src/file.h
@src/getmail.c
@src/gpmmouse.c
@src/hooks.h
@src/i386.c
@src/pcscan.c
@src/ibmpc.c
@src/indent.c
@src/indent.h
@src/ins.c
@src/ins.h
@src/intrin.c
@src/keymap.c
@src/keymap.h
@src/ledit.c
@src/ledit.h
@src/line.c
@src/line.h
@src/lineattr.c
@src/lineattr.h
@src/main.c
@src/misc.c
@src/misc.h
@src/mkdoc.c
@src/mouse.c
@src/os2.c
@src/os2mouse.c
@src/paste.c
@src/paste.h
@src/pcmouse.c
@src/replace.c
@src/replace.h
@src/rgrep.c
@src/screen.c
@src/screen.h
@src/search.c
@src/search.h
@src/sig.c
@src/sig.h
@src/dfasyntx.c
@src/syntax.c
@src/sysdep.c
@src/sysdep.h
@src/text.c
@src/text.h
@src/undo.c
@src/undo.h
@src/unix.c
@src/vfile.c
@src/vfile.h
@src/vms.c
@src/vmshelp.c
@src/vmsmail.c
@src/vmsmail.h
@src/vmsmake.com
@src/vterm.c
@src/vterm.h
@src/window.c
@src/window.h
@src/xkeys.c
@src/xterm.c
@src/w32proc.c
@src/mkfiles/makefile.all
@src/mkfiles/README
*src/mkfiles/mkmake.c
*src/mkfiles/mkmake.exe
