@Makefile.in
@configure.in
@configure 0755
@mkinsdir.sh 0755
@install.sh 0755
@most.lis
@README
@lesskeys.rc
@default.rc
@most-fun.txt
@most.1
@most.doc
@changes.txt
@src/DESCRIP.MMS
@src/VMSMAKE.COM
@src/RTL.OPT
@src/Makefile.in
@src/Makefile.djg
@src/sysconf.h
@src/config.hin
@src/mostconf.h
@src/modules.lis
@src/djgconf.h
@src/jdmacros.h
@src/main.c
@src/buffer.c
@src/file.c
@src/window.c
@src/line.c
@src/display.c
@src/sysdep.c
@src/keym.c
@src/most.c
@src/search.c
@src/help.c
@src/cmd.c
@src/edit.c
@src/edit.h
@src/buffer.h
@src/file.h
@src/window.h
@src/line.h
@src/display.h
@src/sysdep.h
@src/keym.h
@src/most.h
@src/search.h
@src/keyparse.c
@src/keyparse.h
@src/chkslang.c
