@slsc.lis
@README
@changes.txt
@configure.in
@configure 0755
@Makefile.in
@src/modules.lis
@src/Makefile.in
@src/config.hin
@src/jdmacros.h
@src/cmds.c
@src/cmds.h
@src/crypt.c
@src/crypt.h
@src/eres.sed
@src/gram.y
@src/interp.c
@src/interp.h
@src/lex.h
@src/Makefile
@src/lex.c
@src/psc.c
@src/psc.doc
@src/range.c
@src/range.h
@src/sc.c
@src/sc.doc
@src/sc.h
@src/scdokey.c
@src/scdokey.h
@src/schelp.c
@src/schelp.h
@src/slsc.hlp
@src/slsc.rc
@src/sres.sed
@src/tutorial.sc
@src/vprint.c
@src/vprint.txt
