This file contains any messages produced by compilers while
running configure, to aid debugging if configure makes a mistake.

configure:602: checking for a BSD compatible install
configure:654: checking for gcc
configure:731: checking whether the C compiler (gcc  ) works
configure:745: gcc -o conftest    conftest.c  1>&5
configure:765: checking whether the C compiler (gcc  ) is a cross-compiler
configure:770: checking whether we are using GNU C
configure:779: gcc -E conftest.c
configure:794: checking whether gcc accepts -g
configure:822: checking how to run the C preprocessor
configure:843: gcc -E  conftest.c >/dev/null 2>conftest.out
configure:883: checking whether ln -s works
configure:905: checking for gethostbyname in -lnsl
configure:924: gcc -o conftest -g -O2   conftest.c -lnsl   1>&5
ld: cannot open -lnsl: No such file or directory
configure: failed program was:
#line 913 "configure"
#include "confdefs.h"
/* Override any gcc2 internal prototype to avoid an error.  */
/* We use char because int might match the return type of a gcc2
    builtin and then its argument prototype would still apply.  */
char gethostbyname();

int main() {
gethostbyname()
; return 0; }
configure:952: checking for socket in -lsocket
configure:971: gcc -o conftest -g -O2   conftest.c -lsocket   1>&5
ld: cannot open -lsocket: No such file or directory
configure: failed program was:
#line 960 "configure"
#include "confdefs.h"
/* Override any gcc2 internal prototype to avoid an error.  */
/* We use char because int might match the return type of a gcc2
    builtin and then its argument prototype would still apply.  */
char socket();

int main() {
socket()
; return 0; }
configure:999: checking for bzero in -lbsd
configure:1018: gcc -o conftest -g -O2   conftest.c -lbsd   1>&5
configure:1047: checking for ANSI C header files
configure:1060: gcc -E  conftest.c >/dev/null 2>conftest.out
configure:1127: gcc -o conftest -g -O2   conftest.c -lbsd  1>&5
configure:1151: checking for sys/wait.h that is POSIX.1 compatible
configure:1172: gcc -c -g -O2  conftest.c 1>&5
configure:1196: checking for syslog.h
configure:1206: gcc -E  conftest.c >/dev/null 2>conftest.out
configure:1234: checking for pid_t
configure:1267: checking for off_t
configure:1300: checking for size_t
configure:1333: checking return type of signal handlers
configure:1355: gcc -c -g -O2  conftest.c 1>&5
configure:1374: checking for working const
configure:1428: gcc -c -g -O2  conftest.c 1>&5
configure:1449: checking for inline
configure:1463: gcc -c -g -O2  conftest.c 1>&5
configure:1489: checking whether MAXHOSTNAMELEN is incorrectly in netdb.h
configure:1522: checking whether off_t is a long long
configure:1536: gcc -o conftest -g -O2   conftest.c -lbsd  1>&5
configure: failed program was:
#line 1530 "configure"
#include "confdefs.h"
 #include <sys/types.h>
  int main() { return sizeof(long) == sizeof(off_t); }

configure:1559: checking for setresuid
configure:1588: checking for vprintf
configure:1616: gcc -o conftest -g -O2   conftest.c -lbsd  1>&5
configure:1695: checking for select
configure:1723: gcc -o conftest -g -O2   conftest.c -lbsd  1>&5
configure:1695: checking for socket
configure:1723: gcc -o conftest -g -O2   conftest.c -lbsd  1>&5
configure:1695: checking for strcspn
configure:1723: gcc -o conftest -g -O2   conftest.c -lbsd  1>&5
configure:1695: checking for strdup
configure:1723: gcc -o conftest -g -O2   conftest.c -lbsd  1>&5
configure:1695: checking for strstr
configure:1723: gcc -o conftest -g -O2   conftest.c -lbsd  1>&5
configure:1695: checking for seteuid
configure:1723: gcc -o conftest -g -O2   conftest.c -lbsd  1>&5
configure:1695: checking for setreuid
configure:1723: gcc -o conftest -g -O2   conftest.c -lbsd  1>&5
