This is TeX, C Version 3.14t3 (format=lplain 92.5.27)  28 APR 1994 13:29
**xspread
(xspread.tex
LaTeX Version 2.09 <7 Dec 1989>
(/usr/local/lib/tex/inputs/article.sty
Document Style `article' <16 Mar 88>.
(/usr/local/lib/tex/inputs/art11.sty)
\c@part=\count79
\c@section=\count80
\c@subsection=\count81
\c@subsubsection=\count82
\c@paragraph=\count83
\c@subparagraph=\count84
\c@figure=\count85
\c@table=\count86
)
(/usr/local/lib/tex/inputs/titlepage.sty) (xspread.aux) [0

] (xspread.toc)
\tf@toc=\write3

[1] [1] [2] [3]
Underfull \hbox (badness 10000) in paragraph at lines 245--248


\hbox(0.0+0.0)x405.97112
.\glue(\rightskip) 0.0

[4] [5] [6] [7] [8] [9] [10] [11] [12] [13] [14]
Underfull \hbox (badness 10000) in paragraph at lines 911--913


\hbox(0.0+0.0)x433.34618
.\glue(\rightskip) 0.0

[15]
Underfull \hbox (badness 10000) in paragraph at lines 932--934


\hbox(0.0+0.0)x433.34618
.\glue(\rightskip) 0.0


Underfull \hbox (badness 10000) in paragraph at lines 952--954


\hbox(0.0+0.0)x433.34618
.\glue(\rightskip) 0.0

[16] [17] [18] [19] [20] [21] [22]
Underfull \hbox (badness 10000) in paragraph at lines 1279--1281


\hbox(0.0+0.0)x433.34618
.\glue(\rightskip) 0.0

[23] [24] [25] [26] [27]
Underfull \hbox (badness 10000) in paragraph at lines 1597--1599


\hbox(0.0+0.0)x433.34618
.\glue(\rightskip) 0.0

[28] [29] [30] [31] [32] [33] [34] [35] [36] [37] (xspread.aux) ) 
Here is how much of TeX's memory you used:
 164 strings out of 4463
 1580 string characters out of 63241
 31586 words of memory out of 262141
 2105 multiletter control sequences out of 9500
 19297 words of font info for 73 fonts, out of 72000 for 255
 14 hyphenation exceptions out of 607
 12i,6n,15p,159b,254s stack positions out of 300i,40n,60p,3000b,4000s

Output written on xspread.dvi (39 pages, 98560 bytes).
